[+] Containers:
 |- [+] Container: /Game/FirstPerson/Maps/FirstPersonMap
 |   |- [+] ActorDescs:
 |   |   |- Guid:016104274DADBF126D5E07902AFA4925 NativeClass:/Script/Engine.StaticMeshActor Name:StaticMeshActor_UAID_004E01BD6F582FA602_1864931068 Label:Cube6 SpatiallyLoaded:true EditorBounds:IsValid=true, Min=(X=1235.000 Y=1495.000 Z=-22.500), Max=(X=1985.000 Y=1545.000 Z=402.500) RuntimeBounds:IsValid=true, Min=(X=1235.000 Y=1495.000 Z=-22.500), Max=(X=1985.000 Y=1545.000 Z=402.500) RuntimeGrid:None EditorOnly:false RuntimeOnly:false HLODRelevant:true ListedInSceneOutliner:true IsMainWorldOnly:false
 |   |   |- Guid:0EDB289B45CB7E0977A6DBA74201EE76 NativeClass:/Script/Engine.StaticMeshActor Name:StaticMeshActor_10 Label:SM_Cube6 SpatiallyLoaded:true EditorBounds:IsValid=true, Min=(X=2900.000 Y=100.000 Z=0.000), Max=(X=3000.000 Y=3400.000 Z=400.000) RuntimeBounds:IsValid=true, Min=(X=2900.000 Y=100.000 Z=0.000), Max=(X=3000.000 Y=3400.000 Z=400.000) RuntimeGrid:None EditorOnly:false RuntimeOnly:false HLODRelevant:true ListedInSceneOutliner:true IsMainWorldOnly:false FolderPath:Playground FolderGuid:6C02BB504B69D1F3D7A624B130C18E5B
 |   |   |- Guid:0F8F1AEA456D0C36AB5BBF8085D2500E NativeClass:/Script/Engine.StaticMeshActor Name:StaticMeshActor_UAID_004E01BD6F5830A602_1263844251 Label:Cube13 SpatiallyLoaded:true EditorBounds:IsValid=true, Min=(X=1945.000 Y=2535.000 Z=-22.500), Max=(X=1995.000 Y=3185.000 Z=402.500) RuntimeBounds:IsValid=true, Min=(X=1945.000 Y=2535.000 Z=-22.500), Max=(X=1995.000 Y=3185.000 Z=402.500) RuntimeGrid:None EditorOnly:false RuntimeOnly:false HLODRelevant:true ListedInSceneOutliner:true IsMainWorldOnly:false
 |   |   |- Guid:1010C4624C38F80D7F8B09AF875CF108 NativeClass:/Script/Engine.StaticMeshActor Name:StaticMeshActor_UAID_004E01BD6F582FA602_2144804072 Label:Cube10 SpatiallyLoaded:true EditorBounds:IsValid=true, Min=(X=1045.000 Y=2530.000 Z=-22.500), Max=(X=1095.000 Y=3430.000 Z=402.500) RuntimeBounds:IsValid=true, Min=(X=1045.000 Y=2530.000 Z=-22.500), Max=(X=1095.000 Y=3430.000 Z=402.500) RuntimeGrid:None EditorOnly:false RuntimeOnly:false HLODRelevant:true ListedInSceneOutliner:true IsMainWorldOnly:false
 |   |   |- Guid:2057EF774B07158292E8EBB284C18687 NativeClass:/Script/Engine.StaticMeshActor Name:StaticMeshActor_UAID_004E01BD6F5830A602_1109138249 Label:Cube11 SpatiallyLoaded:true EditorBounds:IsValid=true, Min=(X=2175.000 Y=665.000 Z=-22.500), Max=(X=2925.000 Y=715.000 Z=402.500) RuntimeBounds:IsValid=true, Min=(X=2175.000 Y=665.000 Z=-22.500), Max=(X=2925.000 Y=715.000 Z=402.500) RuntimeGrid:None EditorOnly:false RuntimeOnly:false HLODRelevant:true ListedInSceneOutliner:true IsMainWorldOnly:false
 |   |   |- Guid:21262252453B37957EF29F82ABA2413B NativeClass:/Script/Engine.TextRenderActor Name:TextRenderActor_1 Label:TextRenderActor SpatiallyLoaded:true EditorBounds:IsValid=true, Min=(X=-0.100 Y=1100.000 Z=65.013), Max=(X=-0.100 Y=2363.461 Z=215.013) RuntimeBounds:IsValid=true, Min=(X=-0.100 Y=1100.000 Z=65.013), Max=(X=-0.100 Y=2363.461 Z=215.013) RuntimeGrid:None EditorOnly:false RuntimeOnly:false HLODRelevant:false ListedInSceneOutliner:true IsMainWorldOnly:false
 |   |   |- Guid:2F22CEFE4E725EAE7937CF8ADEC2E10C NativeClass:/Script/Engine.StaticMeshActor Name:StaticMeshActor_UAID_004E01BD6F582FA602_1969909070 Label:Cube8 SpatiallyLoaded:true EditorBounds:IsValid=true, Min=(X=807.500 Y=715.000 Z=-22.500), Max=(X=1732.500 Y=765.000 Z=402.500) RuntimeBounds:IsValid=true, Min=(X=807.500 Y=715.000 Z=-22.500), Max=(X=1732.500 Y=765.000 Z=402.500) RuntimeGrid:None EditorOnly:false RuntimeOnly:false HLODRelevant:true ListedInSceneOutliner:true IsMainWorldOnly:false
 |   |   |- Guid:36B288824EDE609529633FBC74127A7D NativeClass:/Script/Engine.StaticMeshActor Name:StaticMeshActor_UAID_004E01BD6F582FA602_1986194071 Label:Cube9 SpatiallyLoaded:true EditorBounds:IsValid=true, Min=(X=965.000 Y=715.000 Z=-22.500), Max=(X=1015.000 Y=1365.000 Z=402.500) RuntimeBounds:IsValid=true, Min=(X=965.000 Y=715.000 Z=-22.500), Max=(X=1015.000 Y=1365.000 Z=402.500) RuntimeGrid:None EditorOnly:false RuntimeOnly:false HLODRelevant:true ListedInSceneOutliner:true IsMainWorldOnly:false
 |   |   |- Guid:4E4BF1024C61F7A0084ED1A23A35DAC0 NativeClass:/Script/Engine.StaticMeshActor Name:StaticMeshActor_UAID_004E01BD6F582FA602_1341413063 Label:Cube SpatiallyLoaded:true EditorBounds:IsValid=true, Min=(X=485.000 Y=105.000 Z=-22.500), Max=(X=535.000 Y=2755.000 Z=402.500) RuntimeBounds:IsValid=true, Min=(X=485.000 Y=105.000 Z=-22.500), Max=(X=535.000 Y=2755.000 Z=402.500) RuntimeGrid:None EditorOnly:false RuntimeOnly:false HLODRelevant:true ListedInSceneOutliner:true IsMainWorldOnly:false
 |   |   |- Guid:59F649F24ED6C83EBC79CB99CEF8D718 NativeClass:/Script/Engine.StaticMeshActor Name:StaticMeshActor_UAID_004E01BD6F582FA602_1578265064 Label:Cube2 SpatiallyLoaded:true EditorBounds:IsValid=true, Min=(X=1077.500 Y=2525.000 Z=-22.500), Max=(X=2002.500 Y=2575.000 Z=402.500) RuntimeBounds:IsValid=true, Min=(X=1077.500 Y=2525.000 Z=-22.500), Max=(X=2002.500 Y=2575.000 Z=402.500) RuntimeGrid:None EditorOnly:false RuntimeOnly:false HLODRelevant:true ListedInSceneOutliner:true IsMainWorldOnly:false
 |   |   |- Guid:5FE7584649BB6F09265329A6C57CFD0D NativeClass:/Script/Engine.VolumetricCloud Name:VolumetricCloud_0 Label:VolumetricCloud SpatiallyLoaded:false EditorBounds:IsValid=true, Min=(X=0.000 Y=0.000 Z=820.000), Max=(X=0.000 Y=0.000 Z=820.000) RuntimeBounds:IsValid=true, Min=(X=0.000 Y=0.000 Z=820.000), Max=(X=0.000 Y=0.000 Z=820.000) RuntimeGrid:None EditorOnly:false RuntimeOnly:false HLODRelevant:false ListedInSceneOutliner:true IsMainWorldOnly:false FolderPath:Lighting FolderGuid:0BA5F0A04EADB18E70D5B180D08FA34B
 |   |   |- Guid:61391D344900612A77DFC3BA3E354907 NativeClass:/Script/Engine.ExponentialHeightFog Name:ExponentialHeightFog_0 Label:ExponentialHeightFog SpatiallyLoaded:false EditorBounds:IsValid=true, Min=(X=-5600.000 Y=-50.000 Z=-6850.000), Max=(X=-5600.000 Y=-50.000 Z=-6850.000) RuntimeBounds:IsValid=true, Min=(X=-5600.000 Y=-50.000 Z=-6850.000), Max=(X=-5600.000 Y=-50.000 Z=-6850.000) RuntimeGrid:None EditorOnly:false RuntimeOnly:false HLODRelevant:false ListedInSceneOutliner:true IsMainWorldOnly:false FolderPath:Lighting FolderGuid:0BA5F0A04EADB18E70D5B180D08FA34B
 |   |   |- Guid:6FEFB3BD4EB37B849EF0D4AC80F83855 NativeClass:/Script/Engine.WorldDataLayers Name:WorldDataLayers Label:WorldDataLayers SpatiallyLoaded:false EditorBounds:IsValid=true, Min=(X=0.000 Y=0.000 Z=0.000), Max=(X=0.000 Y=0.000 Z=0.000) RuntimeBounds:IsValid=true, Min=(X=0.000 Y=0.000 Z=0.000), Max=(X=0.000 Y=0.000 Z=0.000) RuntimeGrid:None EditorOnly:false RuntimeOnly:false HLODRelevant:false ListedInSceneOutliner:true IsMainWorldOnly:true
 |   |   |- Guid:78CAF7514C7533F30BD2F19A017AAB65 NativeClass:/Script/Engine.StaticMeshActor Name:StaticMeshActor_0 Label:SM_Cube SpatiallyLoaded:true EditorBounds:IsValid=true, Min=(X=0.000 Y=0.000 Z=-50.000), Max=(X=3000.000 Y=3500.000 Z=0.000) RuntimeBounds:IsValid=true, Min=(X=0.000 Y=0.000 Z=-50.000), Max=(X=3000.000 Y=3500.000 Z=0.000) RuntimeGrid:None EditorOnly:false RuntimeOnly:false HLODRelevant:true ListedInSceneOutliner:true IsMainWorldOnly:false FolderPath:Playground FolderGuid:6C02BB504B69D1F3D7A624B130C18E5B
 |   |   |- Guid:8559D1384B14F466E8927697A36C1D78 NativeClass:/Script/Engine.StaticMeshActor Name:StaticMeshActor_9 Label:SM_Cube5 SpatiallyLoaded:true EditorBounds:IsValid=true, Min=(X=-0.000 Y=100.000 Z=0.000), Max=(X=100.000 Y=3400.000 Z=400.000) RuntimeBounds:IsValid=true, Min=(X=-0.000 Y=100.000 Z=0.000), Max=(X=100.000 Y=3400.000 Z=400.000) RuntimeGrid:None EditorOnly:false RuntimeOnly:false HLODRelevant:true ListedInSceneOutliner:true IsMainWorldOnly:false FolderPath:Playground FolderGuid:6C02BB504B69D1F3D7A624B130C18E5B
 |   |   |- Guid:8726DD4244BC17B88D30639F7B878F6A NativeClass:/Script/Engine.StaticMeshActor Name:StaticMeshActor_UAID_004E01BD6F582FA602_1705398065 Label:Cube3 SpatiallyLoaded:true EditorBounds:IsValid=true, Min=(X=520.000 Y=2125.000 Z=-22.500), Max=(X=1620.000 Y=2175.000 Z=402.500) RuntimeBounds:IsValid=true, Min=(X=520.000 Y=2125.000 Z=-22.500), Max=(X=1620.000 Y=2175.000 Z=402.500) RuntimeGrid:None EditorOnly:false RuntimeOnly:false HLODRelevant:true ListedInSceneOutliner:true IsMainWorldOnly:false
 |   |   |- Guid:90B7B8D3420C2EABA931D3A6A69DF696 NativeClass:/Script/Engine.StaticMeshActor Name:StaticMeshActor_3 Label:SM_Cube2 SpatiallyLoaded:true EditorBounds:IsValid=true, Min=(X=0.000 Y=0.000 Z=0.000), Max=(X=3000.000 Y=100.000 Z=400.000) RuntimeBounds:IsValid=true, Min=(X=0.000 Y=0.000 Z=0.000), Max=(X=3000.000 Y=100.000 Z=400.000) RuntimeGrid:None EditorOnly:false RuntimeOnly:false HLODRelevant:true ListedInSceneOutliner:true IsMainWorldOnly:false FolderPath:Playground FolderGuid:6C02BB504B69D1F3D7A624B130C18E5B
 |   |   |- Guid:91C955A14B8A08730EF131BC289AD461 NativeClass:/Script/Engine.StaticMeshActor Name:StaticMeshActor_UAID_004E01BD6F582FA602_1957651069 Label:Cube7 SpatiallyLoaded:true EditorBounds:IsValid=true, Min=(X=1225.000 Y=75.000 Z=-22.500), Max=(X=1275.000 Y=725.000 Z=402.500) RuntimeBounds:IsValid=true, Min=(X=1225.000 Y=75.000 Z=-22.500), Max=(X=1275.000 Y=725.000 Z=402.500) RuntimeGrid:None EditorOnly:false RuntimeOnly:false HLODRelevant:true ListedInSceneOutliner:true IsMainWorldOnly:false
 |   |   |- Guid:A354B1B24E617A525DC6B48CCDE2417E NativeClass:/Script/Engine.PlayerStart Name:PlayerStart_0 Label:PlayerStart SpatiallyLoaded:false EditorBounds:IsValid=true, Min=(X=860.000 Y=810.000 Z=0.013), Max=(X=940.000 Y=890.000 Z=184.013) RuntimeBounds:IsValid=true, Min=(X=860.000 Y=810.000 Z=0.013), Max=(X=940.000 Y=890.000 Z=184.013) RuntimeGrid:None EditorOnly:false RuntimeOnly:false HLODRelevant:false ListedInSceneOutliner:true IsMainWorldOnly:false
 |   |   |- Guid:C22CE07C4B87D685137FDBBC10FC92C6 NativeClass:/Script/Engine.SkyAtmosphere Name:SkyAtmosphere_0 Label:SkyAtmosphere SpatiallyLoaded:false EditorBounds:IsValid=true, Min=(X=0.000 Y=0.000 Z=1020.000), Max=(X=0.000 Y=0.000 Z=1020.000) RuntimeBounds:IsValid=true, Min=(X=0.000 Y=0.000 Z=1020.000), Max=(X=0.000 Y=0.000 Z=1020.000) RuntimeGrid:None EditorOnly:false RuntimeOnly:false HLODRelevant:false ListedInSceneOutliner:true IsMainWorldOnly:false FolderPath:Lighting FolderGuid:0BA5F0A04EADB18E70D5B180D08FA34B
 |   |   |- Guid:CA4AD0FD493CFEF98D640D8B9E5603FE NativeClass:/Script/Engine.PointLight Name:PointLight_UAID_004E01BD6F5830A602_2069990253 Label:PointLight SpatiallyLoaded:true EditorBounds:IsValid=true, Min=(X=-48195.570 Y=44376.100 Z=-212123.102), Max=(X=-46195.570 Y=46376.100 Z=-210123.102) RuntimeBounds:IsValid=true, Min=(X=-48195.570 Y=44376.100 Z=-212123.102), Max=(X=-46195.570 Y=46376.100 Z=-210123.102) RuntimeGrid:None EditorOnly:false RuntimeOnly:false HLODRelevant:false ListedInSceneOutliner:true IsMainWorldOnly:false
 |   |   |- Guid:CB83E37142F805B53D8931A4F5B4CA82 NativeClass:/Script/Engine.StaticMeshActor Name:StaticMeshActor_UAID_004E01BD6F5830A602_1281236252 Label:Cube14 SpatiallyLoaded:true EditorBounds:IsValid=true, Min=(X=1967.500 Y=2205.000 Z=-22.500), Max=(X=2492.500 Y=2255.000 Z=402.500) RuntimeBounds:IsValid=true, Min=(X=1967.500 Y=2205.000 Z=-22.500), Max=(X=2492.500 Y=2255.000 Z=402.500) RuntimeGrid:None EditorOnly:false RuntimeOnly:false HLODRelevant:true ListedInSceneOutliner:true IsMainWorldOnly:false
 |   |   |- Guid:CE8D82634660FCDB3120E2B8D547C533 NativeClass:/Script/Engine.PostProcessVolume Name:PostProcessVolume_0 Label:PostProcessVolume SpatiallyLoaded:false EditorBounds:IsValid=true, Min=(X=0.000 Y=0.000 Z=400.000), Max=(X=200.000 Y=200.000 Z=600.000) RuntimeBounds:IsValid=true, Min=(X=0.000 Y=0.000 Z=400.000), Max=(X=200.000 Y=200.000 Z=600.000) RuntimeGrid:None EditorOnly:false RuntimeOnly:false HLODRelevant:false ListedInSceneOutliner:true IsMainWorldOnly:false FolderPath:Lighting FolderGuid:0BA5F0A04EADB18E70D5B180D08FA34B
 |   |   |- Guid:E5320C1B4FD9764CE7B54D8487AEC613 NativeClass:/Script/Engine.SkyLight Name:SkyLight_0 Label:SkyLight SpatiallyLoaded:false EditorBounds:IsValid=true, Min=(X=0.000 Y=0.000 Z=690.000), Max=(X=0.000 Y=0.000 Z=690.000) RuntimeBounds:IsValid=true, Min=(X=0.000 Y=0.000 Z=690.000), Max=(X=0.000 Y=0.000 Z=690.000) RuntimeGrid:None EditorOnly:false RuntimeOnly:false HLODRelevant:false ListedInSceneOutliner:true IsMainWorldOnly:false FolderPath:Lighting FolderGuid:0BA5F0A04EADB18E70D5B180D08FA34B
 |   |   |- Guid:EE66F4454A4A9F99393F559AB739C05E BaseClass:/Game/FirstPerson/Blueprints/BP_Pickup_Rifle.BP_Pickup_Rifle_C NativeClass:/Script/Engine.Actor Name:BP_Rifle_C_1 Label:BP_Pickup_Rifle SpatiallyLoaded:true EditorBounds:IsValid=true, Min=(X=1378.000 Y=1118.000 Z=1474.000), Max=(X=1442.000 Y=1207.440 Z=1538.000) RuntimeBounds:IsValid=true, Min=(X=1378.000 Y=1118.000 Z=1474.000), Max=(X=1442.000 Y=1207.440 Z=1538.000) RuntimeGrid:None EditorOnly:false RuntimeOnly:false HLODRelevant:false ListedInSceneOutliner:true IsMainWorldOnly:false
 |   |   |- Guid:F07F1AF64C7C7C238EE1B4BF8C122DD8 NativeClass:/Script/Engine.StaticMeshActor Name:StaticMeshActor_4 Label:SM_Cube3 SpatiallyLoaded:true EditorBounds:IsValid=true, Min=(X=0.000 Y=3400.000 Z=0.000), Max=(X=3000.000 Y=3500.000 Z=400.000) RuntimeBounds:IsValid=true, Min=(X=0.000 Y=3400.000 Z=0.000), Max=(X=3000.000 Y=3500.000 Z=400.000) RuntimeGrid:None EditorOnly:false RuntimeOnly:false HLODRelevant:true ListedInSceneOutliner:true IsMainWorldOnly:false FolderPath:Playground FolderGuid:6C02BB504B69D1F3D7A624B130C18E5B
 |   |   |- Guid:F36CC0F34522AB9439A643B87EA38C85 NativeClass:/Script/Engine.StaticMeshActor Name:StaticMeshActor_UAID_004E01BD6F582FA602_1781638067 Label:Cube5 SpatiallyLoaded:true EditorBounds:IsValid=true, Min=(X=1955.000 Y=1492.500 Z=-22.500), Max=(X=2005.000 Y=2567.500 Z=402.500) RuntimeBounds:IsValid=true, Min=(X=1955.000 Y=1492.500 Z=-22.500), Max=(X=2005.000 Y=2567.500 Z=402.500) RuntimeGrid:None EditorOnly:false RuntimeOnly:false HLODRelevant:true ListedInSceneOutliner:true IsMainWorldOnly:false
 |   |   |- Guid:F7391D264A058489D87B83827FEAF3C1 NativeClass:/Script/Engine.StaticMeshActor Name:StaticMeshActor_UAID_004E01BD6F582FA602_1748501066 Label:Cube4 SpatiallyLoaded:true EditorBounds:IsValid=true, Min=(X=1705.000 Y=385.000 Z=-22.500), Max=(X=1755.000 Y=1035.000 Z=402.500) RuntimeBounds:IsValid=true, Min=(X=1705.000 Y=385.000 Z=-22.500), Max=(X=1755.000 Y=1035.000 Z=402.500) RuntimeGrid:None EditorOnly:false RuntimeOnly:false HLODRelevant:true ListedInSceneOutliner:true IsMainWorldOnly:false
 |   |   |- Guid:F80621C9446867154938FE81375207DA NativeClass:/Script/Engine.DirectionalLight Name:DirectionalLight_1 Label:DirectionalLight SpatiallyLoaded:false EditorBounds:IsValid=true, Min=(X=-1048576.000 Y=-1048576.000 Z=-1048576.000), Max=(X=1048576.000 Y=1048576.000 Z=1048576.000) RuntimeBounds:IsValid=true, Min=(X=-1048576.000 Y=-1048576.000 Z=-1048576.000), Max=(X=1048576.000 Y=1048576.000 Z=1048576.000) RuntimeGrid:None EditorOnly:false RuntimeOnly:false HLODRelevant:false ListedInSceneOutliner:true IsMainWorldOnly:false FolderPath:Lighting FolderGuid:0BA5F0A04EADB18E70D5B180D08FA34B
 |   |   |- Guid:FDB4580F41144124C7889E9BA529A551 NativeClass:/Script/Engine.StaticMeshActor Name:StaticMeshActor_UAID_004E01BD6F5830A602_1242082250 Label:Cube12 SpatiallyLoaded:true EditorBounds:IsValid=true, Min=(X=2485.000 Y=722.500 Z=-22.500), Max=(X=2535.000 Y=1797.500 Z=402.500) RuntimeBounds:IsValid=true, Min=(X=2485.000 Y=722.500 Z=-22.500), Max=(X=2535.000 Y=1797.500 Z=402.500) RuntimeGrid:None EditorOnly:false RuntimeOnly:false HLODRelevant:true ListedInSceneOutliner:true IsMainWorldOnly:false
 |   |- [+] Clusters:
 |   |   |- [+] [  0]
 |   |   |   |- Guid:016104274DADBF126D5E07902AFA4925 NativeClass:/Script/Engine.StaticMeshActor Name:StaticMeshActor_UAID_004E01BD6F582FA602_1864931068 Label:Cube6 SpatiallyLoaded:true EditorBounds:IsValid=true, Min=(X=1235.000 Y=1495.000 Z=-22.500), Max=(X=1985.000 Y=1545.000 Z=402.500) RuntimeBounds:IsValid=true, Min=(X=1235.000 Y=1495.000 Z=-22.500), Max=(X=1985.000 Y=1545.000 Z=402.500) RuntimeGrid:None EditorOnly:false RuntimeOnly:false HLODRelevant:true ListedInSceneOutliner:true IsMainWorldOnly:false
 |   |   |- [+] [  1]
 |   |   |   |- Guid:0EDB289B45CB7E0977A6DBA74201EE76 NativeClass:/Script/Engine.StaticMeshActor Name:StaticMeshActor_10 Label:SM_Cube6 SpatiallyLoaded:true EditorBounds:IsValid=true, Min=(X=2900.000 Y=100.000 Z=0.000), Max=(X=3000.000 Y=3400.000 Z=400.000) RuntimeBounds:IsValid=true, Min=(X=2900.000 Y=100.000 Z=0.000), Max=(X=3000.000 Y=3400.000 Z=400.000) RuntimeGrid:None EditorOnly:false RuntimeOnly:false HLODRelevant:true ListedInSceneOutliner:true IsMainWorldOnly:false FolderPath:Playground FolderGuid:6C02BB504B69D1F3D7A624B130C18E5B
 |   |   |- [+] [  2]
 |   |   |   |- Guid:0F8F1AEA456D0C36AB5BBF8085D2500E NativeClass:/Script/Engine.StaticMeshActor Name:StaticMeshActor_UAID_004E01BD6F5830A602_1263844251 Label:Cube13 SpatiallyLoaded:true EditorBounds:IsValid=true, Min=(X=1945.000 Y=2535.000 Z=-22.500), Max=(X=1995.000 Y=3185.000 Z=402.500) RuntimeBounds:IsValid=true, Min=(X=1945.000 Y=2535.000 Z=-22.500), Max=(X=1995.000 Y=3185.000 Z=402.500) RuntimeGrid:None EditorOnly:false RuntimeOnly:false HLODRelevant:true ListedInSceneOutliner:true IsMainWorldOnly:false
 |   |   |- [+] [  3]
 |   |   |   |- Guid:1010C4624C38F80D7F8B09AF875CF108 NativeClass:/Script/Engine.StaticMeshActor Name:StaticMeshActor_UAID_004E01BD6F582FA602_2144804072 Label:Cube10 SpatiallyLoaded:true EditorBounds:IsValid=true, Min=(X=1045.000 Y=2530.000 Z=-22.500), Max=(X=1095.000 Y=3430.000 Z=402.500) RuntimeBounds:IsValid=true, Min=(X=1045.000 Y=2530.000 Z=-22.500), Max=(X=1095.000 Y=3430.000 Z=402.500) RuntimeGrid:None EditorOnly:false RuntimeOnly:false HLODRelevant:true ListedInSceneOutliner:true IsMainWorldOnly:false
 |   |   |- [+] [  4]
 |   |   |   |- Guid:2057EF774B07158292E8EBB284C18687 NativeClass:/Script/Engine.StaticMeshActor Name:StaticMeshActor_UAID_004E01BD6F5830A602_1109138249 Label:Cube11 SpatiallyLoaded:true EditorBounds:IsValid=true, Min=(X=2175.000 Y=665.000 Z=-22.500), Max=(X=2925.000 Y=715.000 Z=402.500) RuntimeBounds:IsValid=true, Min=(X=2175.000 Y=665.000 Z=-22.500), Max=(X=2925.000 Y=715.000 Z=402.500) RuntimeGrid:None EditorOnly:false RuntimeOnly:false HLODRelevant:true ListedInSceneOutliner:true IsMainWorldOnly:false
 |   |   |- [+] [  5]
 |   |   |   |- Guid:21262252453B37957EF29F82ABA2413B NativeClass:/Script/Engine.TextRenderActor Name:TextRenderActor_1 Label:TextRenderActor SpatiallyLoaded:true EditorBounds:IsValid=true, Min=(X=-0.100 Y=1100.000 Z=65.013), Max=(X=-0.100 Y=2363.461 Z=215.013) RuntimeBounds:IsValid=true, Min=(X=-0.100 Y=1100.000 Z=65.013), Max=(X=-0.100 Y=2363.461 Z=215.013) RuntimeGrid:None EditorOnly:false RuntimeOnly:false HLODRelevant:false ListedInSceneOutliner:true IsMainWorldOnly:false
 |   |   |- [+] [  6]
 |   |   |   |- Guid:2F22CEFE4E725EAE7937CF8ADEC2E10C NativeClass:/Script/Engine.StaticMeshActor Name:StaticMeshActor_UAID_004E01BD6F582FA602_1969909070 Label:Cube8 SpatiallyLoaded:true EditorBounds:IsValid=true, Min=(X=807.500 Y=715.000 Z=-22.500), Max=(X=1732.500 Y=765.000 Z=402.500) RuntimeBounds:IsValid=true, Min=(X=807.500 Y=715.000 Z=-22.500), Max=(X=1732.500 Y=765.000 Z=402.500) RuntimeGrid:None EditorOnly:false RuntimeOnly:false HLODRelevant:true ListedInSceneOutliner:true IsMainWorldOnly:false
 |   |   |- [+] [  7]
 |   |   |   |- Guid:36B288824EDE609529633FBC74127A7D NativeClass:/Script/Engine.StaticMeshActor Name:StaticMeshActor_UAID_004E01BD6F582FA602_1986194071 Label:Cube9 SpatiallyLoaded:true EditorBounds:IsValid=true, Min=(X=965.000 Y=715.000 Z=-22.500), Max=(X=1015.000 Y=1365.000 Z=402.500) RuntimeBounds:IsValid=true, Min=(X=965.000 Y=715.000 Z=-22.500), Max=(X=1015.000 Y=1365.000 Z=402.500) RuntimeGrid:None EditorOnly:false RuntimeOnly:false HLODRelevant:true ListedInSceneOutliner:true IsMainWorldOnly:false
 |   |   |- [+] [  8]
 |   |   |   |- Guid:4E4BF1024C61F7A0084ED1A23A35DAC0 NativeClass:/Script/Engine.StaticMeshActor Name:StaticMeshActor_UAID_004E01BD6F582FA602_1341413063 Label:Cube SpatiallyLoaded:true EditorBounds:IsValid=true, Min=(X=485.000 Y=105.000 Z=-22.500), Max=(X=535.000 Y=2755.000 Z=402.500) RuntimeBounds:IsValid=true, Min=(X=485.000 Y=105.000 Z=-22.500), Max=(X=535.000 Y=2755.000 Z=402.500) RuntimeGrid:None EditorOnly:false RuntimeOnly:false HLODRelevant:true ListedInSceneOutliner:true IsMainWorldOnly:false
 |   |   |- [+] [  9]
 |   |   |   |- Guid:59F649F24ED6C83EBC79CB99CEF8D718 NativeClass:/Script/Engine.StaticMeshActor Name:StaticMeshActor_UAID_004E01BD6F582FA602_1578265064 Label:Cube2 SpatiallyLoaded:true EditorBounds:IsValid=true, Min=(X=1077.500 Y=2525.000 Z=-22.500), Max=(X=2002.500 Y=2575.000 Z=402.500) RuntimeBounds:IsValid=true, Min=(X=1077.500 Y=2525.000 Z=-22.500), Max=(X=2002.500 Y=2575.000 Z=402.500) RuntimeGrid:None EditorOnly:false RuntimeOnly:false HLODRelevant:true ListedInSceneOutliner:true IsMainWorldOnly:false
 |   |   |- [+] [ 10]
 |   |   |   |- Guid:5FE7584649BB6F09265329A6C57CFD0D NativeClass:/Script/Engine.VolumetricCloud Name:VolumetricCloud_0 Label:VolumetricCloud SpatiallyLoaded:false EditorBounds:IsValid=true, Min=(X=0.000 Y=0.000 Z=820.000), Max=(X=0.000 Y=0.000 Z=820.000) RuntimeBounds:IsValid=true, Min=(X=0.000 Y=0.000 Z=820.000), Max=(X=0.000 Y=0.000 Z=820.000) RuntimeGrid:None EditorOnly:false RuntimeOnly:false HLODRelevant:false ListedInSceneOutliner:true IsMainWorldOnly:false FolderPath:Lighting FolderGuid:0BA5F0A04EADB18E70D5B180D08FA34B
 |   |   |- [+] [ 11]
 |   |   |   |- Guid:61391D344900612A77DFC3BA3E354907 NativeClass:/Script/Engine.ExponentialHeightFog Name:ExponentialHeightFog_0 Label:ExponentialHeightFog SpatiallyLoaded:false EditorBounds:IsValid=true, Min=(X=-5600.000 Y=-50.000 Z=-6850.000), Max=(X=-5600.000 Y=-50.000 Z=-6850.000) RuntimeBounds:IsValid=true, Min=(X=-5600.000 Y=-50.000 Z=-6850.000), Max=(X=-5600.000 Y=-50.000 Z=-6850.000) RuntimeGrid:None EditorOnly:false RuntimeOnly:false HLODRelevant:false ListedInSceneOutliner:true IsMainWorldOnly:false FolderPath:Lighting FolderGuid:0BA5F0A04EADB18E70D5B180D08FA34B
 |   |   |- [+] [ 12]
 |   |   |   |- Guid:6FEFB3BD4EB37B849EF0D4AC80F83855 NativeClass:/Script/Engine.WorldDataLayers Name:WorldDataLayers Label:WorldDataLayers SpatiallyLoaded:false EditorBounds:IsValid=true, Min=(X=0.000 Y=0.000 Z=0.000), Max=(X=0.000 Y=0.000 Z=0.000) RuntimeBounds:IsValid=true, Min=(X=0.000 Y=0.000 Z=0.000), Max=(X=0.000 Y=0.000 Z=0.000) RuntimeGrid:None EditorOnly:false RuntimeOnly:false HLODRelevant:false ListedInSceneOutliner:true IsMainWorldOnly:true
 |   |   |- [+] [ 13]
 |   |   |   |- Guid:78CAF7514C7533F30BD2F19A017AAB65 NativeClass:/Script/Engine.StaticMeshActor Name:StaticMeshActor_0 Label:SM_Cube SpatiallyLoaded:true EditorBounds:IsValid=true, Min=(X=0.000 Y=0.000 Z=-50.000), Max=(X=3000.000 Y=3500.000 Z=0.000) RuntimeBounds:IsValid=true, Min=(X=0.000 Y=0.000 Z=-50.000), Max=(X=3000.000 Y=3500.000 Z=0.000) RuntimeGrid:None EditorOnly:false RuntimeOnly:false HLODRelevant:true ListedInSceneOutliner:true IsMainWorldOnly:false FolderPath:Playground FolderGuid:6C02BB504B69D1F3D7A624B130C18E5B
 |   |   |- [+] [ 14]
 |   |   |   |- Guid:8559D1384B14F466E8927697A36C1D78 NativeClass:/Script/Engine.StaticMeshActor Name:StaticMeshActor_9 Label:SM_Cube5 SpatiallyLoaded:true EditorBounds:IsValid=true, Min=(X=-0.000 Y=100.000 Z=0.000), Max=(X=100.000 Y=3400.000 Z=400.000) RuntimeBounds:IsValid=true, Min=(X=-0.000 Y=100.000 Z=0.000), Max=(X=100.000 Y=3400.000 Z=400.000) RuntimeGrid:None EditorOnly:false RuntimeOnly:false HLODRelevant:true ListedInSceneOutliner:true IsMainWorldOnly:false FolderPath:Playground FolderGuid:6C02BB504B69D1F3D7A624B130C18E5B
 |   |   |- [+] [ 15]
 |   |   |   |- Guid:8726DD4244BC17B88D30639F7B878F6A NativeClass:/Script/Engine.StaticMeshActor Name:StaticMeshActor_UAID_004E01BD6F582FA602_1705398065 Label:Cube3 SpatiallyLoaded:true EditorBounds:IsValid=true, Min=(X=520.000 Y=2125.000 Z=-22.500), Max=(X=1620.000 Y=2175.000 Z=402.500) RuntimeBounds:IsValid=true, Min=(X=520.000 Y=2125.000 Z=-22.500), Max=(X=1620.000 Y=2175.000 Z=402.500) RuntimeGrid:None EditorOnly:false RuntimeOnly:false HLODRelevant:true ListedInSceneOutliner:true IsMainWorldOnly:false
 |   |   |- [+] [ 16]
 |   |   |   |- Guid:90B7B8D3420C2EABA931D3A6A69DF696 NativeClass:/Script/Engine.StaticMeshActor Name:StaticMeshActor_3 Label:SM_Cube2 SpatiallyLoaded:true EditorBounds:IsValid=true, Min=(X=0.000 Y=0.000 Z=0.000), Max=(X=3000.000 Y=100.000 Z=400.000) RuntimeBounds:IsValid=true, Min=(X=0.000 Y=0.000 Z=0.000), Max=(X=3000.000 Y=100.000 Z=400.000) RuntimeGrid:None EditorOnly:false RuntimeOnly:false HLODRelevant:true ListedInSceneOutliner:true IsMainWorldOnly:false FolderPath:Playground FolderGuid:6C02BB504B69D1F3D7A624B130C18E5B
 |   |   |- [+] [ 17]
 |   |   |   |- Guid:91C955A14B8A08730EF131BC289AD461 NativeClass:/Script/Engine.StaticMeshActor Name:StaticMeshActor_UAID_004E01BD6F582FA602_1957651069 Label:Cube7 SpatiallyLoaded:true EditorBounds:IsValid=true, Min=(X=1225.000 Y=75.000 Z=-22.500), Max=(X=1275.000 Y=725.000 Z=402.500) RuntimeBounds:IsValid=true, Min=(X=1225.000 Y=75.000 Z=-22.500), Max=(X=1275.000 Y=725.000 Z=402.500) RuntimeGrid:None EditorOnly:false RuntimeOnly:false HLODRelevant:true ListedInSceneOutliner:true IsMainWorldOnly:false
 |   |   |- [+] [ 18]
 |   |   |   |- Guid:A354B1B24E617A525DC6B48CCDE2417E NativeClass:/Script/Engine.PlayerStart Name:PlayerStart_0 Label:PlayerStart SpatiallyLoaded:false EditorBounds:IsValid=true, Min=(X=860.000 Y=810.000 Z=0.013), Max=(X=940.000 Y=890.000 Z=184.013) RuntimeBounds:IsValid=true, Min=(X=860.000 Y=810.000 Z=0.013), Max=(X=940.000 Y=890.000 Z=184.013) RuntimeGrid:None EditorOnly:false RuntimeOnly:false HLODRelevant:false ListedInSceneOutliner:true IsMainWorldOnly:false
 |   |   |- [+] [ 19]
 |   |   |   |- Guid:C22CE07C4B87D685137FDBBC10FC92C6 NativeClass:/Script/Engine.SkyAtmosphere Name:SkyAtmosphere_0 Label:SkyAtmosphere SpatiallyLoaded:false EditorBounds:IsValid=true, Min=(X=0.000 Y=0.000 Z=1020.000), Max=(X=0.000 Y=0.000 Z=1020.000) RuntimeBounds:IsValid=true, Min=(X=0.000 Y=0.000 Z=1020.000), Max=(X=0.000 Y=0.000 Z=1020.000) RuntimeGrid:None EditorOnly:false RuntimeOnly:false HLODRelevant:false ListedInSceneOutliner:true IsMainWorldOnly:false FolderPath:Lighting FolderGuid:0BA5F0A04EADB18E70D5B180D08FA34B
 |   |   |- [+] [ 20]
 |   |   |   |- Guid:CA4AD0FD493CFEF98D640D8B9E5603FE NativeClass:/Script/Engine.PointLight Name:PointLight_UAID_004E01BD6F5830A602_2069990253 Label:PointLight SpatiallyLoaded:true EditorBounds:IsValid=true, Min=(X=-48195.570 Y=44376.100 Z=-212123.102), Max=(X=-46195.570 Y=46376.100 Z=-210123.102) RuntimeBounds:IsValid=true, Min=(X=-48195.570 Y=44376.100 Z=-212123.102), Max=(X=-46195.570 Y=46376.100 Z=-210123.102) RuntimeGrid:None EditorOnly:false RuntimeOnly:false HLODRelevant:false ListedInSceneOutliner:true IsMainWorldOnly:false
 |   |   |- [+] [ 21]
 |   |   |   |- Guid:CB83E37142F805B53D8931A4F5B4CA82 NativeClass:/Script/Engine.StaticMeshActor Name:StaticMeshActor_UAID_004E01BD6F5830A602_1281236252 Label:Cube14 SpatiallyLoaded:true EditorBounds:IsValid=true, Min=(X=1967.500 Y=2205.000 Z=-22.500), Max=(X=2492.500 Y=2255.000 Z=402.500) RuntimeBounds:IsValid=true, Min=(X=1967.500 Y=2205.000 Z=-22.500), Max=(X=2492.500 Y=2255.000 Z=402.500) RuntimeGrid:None EditorOnly:false RuntimeOnly:false HLODRelevant:true ListedInSceneOutliner:true IsMainWorldOnly:false
 |   |   |- [+] [ 22]
 |   |   |   |- Guid:CE8D82634660FCDB3120E2B8D547C533 NativeClass:/Script/Engine.PostProcessVolume Name:PostProcessVolume_0 Label:PostProcessVolume SpatiallyLoaded:false EditorBounds:IsValid=true, Min=(X=0.000 Y=0.000 Z=400.000), Max=(X=200.000 Y=200.000 Z=600.000) RuntimeBounds:IsValid=true, Min=(X=0.000 Y=0.000 Z=400.000), Max=(X=200.000 Y=200.000 Z=600.000) RuntimeGrid:None EditorOnly:false RuntimeOnly:false HLODRelevant:false ListedInSceneOutliner:true IsMainWorldOnly:false FolderPath:Lighting FolderGuid:0BA5F0A04EADB18E70D5B180D08FA34B
 |   |   |- [+] [ 23]
 |   |   |   |- Guid:E5320C1B4FD9764CE7B54D8487AEC613 NativeClass:/Script/Engine.SkyLight Name:SkyLight_0 Label:SkyLight SpatiallyLoaded:false EditorBounds:IsValid=true, Min=(X=0.000 Y=0.000 Z=690.000), Max=(X=0.000 Y=0.000 Z=690.000) RuntimeBounds:IsValid=true, Min=(X=0.000 Y=0.000 Z=690.000), Max=(X=0.000 Y=0.000 Z=690.000) RuntimeGrid:None EditorOnly:false RuntimeOnly:false HLODRelevant:false ListedInSceneOutliner:true IsMainWorldOnly:false FolderPath:Lighting FolderGuid:0BA5F0A04EADB18E70D5B180D08FA34B
 |   |   |- [+] [ 24]
 |   |   |   |- Guid:EE66F4454A4A9F99393F559AB739C05E BaseClass:/Game/FirstPerson/Blueprints/BP_Pickup_Rifle.BP_Pickup_Rifle_C NativeClass:/Script/Engine.Actor Name:BP_Rifle_C_1 Label:BP_Pickup_Rifle SpatiallyLoaded:true EditorBounds:IsValid=true, Min=(X=1378.000 Y=1118.000 Z=1474.000), Max=(X=1442.000 Y=1207.440 Z=1538.000) RuntimeBounds:IsValid=true, Min=(X=1378.000 Y=1118.000 Z=1474.000), Max=(X=1442.000 Y=1207.440 Z=1538.000) RuntimeGrid:None EditorOnly:false RuntimeOnly:false HLODRelevant:false ListedInSceneOutliner:true IsMainWorldOnly:false
 |   |   |- [+] [ 25]
 |   |   |   |- Guid:F07F1AF64C7C7C238EE1B4BF8C122DD8 NativeClass:/Script/Engine.StaticMeshActor Name:StaticMeshActor_4 Label:SM_Cube3 SpatiallyLoaded:true EditorBounds:IsValid=true, Min=(X=0.000 Y=3400.000 Z=0.000), Max=(X=3000.000 Y=3500.000 Z=400.000) RuntimeBounds:IsValid=true, Min=(X=0.000 Y=3400.000 Z=0.000), Max=(X=3000.000 Y=3500.000 Z=400.000) RuntimeGrid:None EditorOnly:false RuntimeOnly:false HLODRelevant:true ListedInSceneOutliner:true IsMainWorldOnly:false FolderPath:Playground FolderGuid:6C02BB504B69D1F3D7A624B130C18E5B
 |   |   |- [+] [ 26]
 |   |   |   |- Guid:F36CC0F34522AB9439A643B87EA38C85 NativeClass:/Script/Engine.StaticMeshActor Name:StaticMeshActor_UAID_004E01BD6F582FA602_1781638067 Label:Cube5 SpatiallyLoaded:true EditorBounds:IsValid=true, Min=(X=1955.000 Y=1492.500 Z=-22.500), Max=(X=2005.000 Y=2567.500 Z=402.500) RuntimeBounds:IsValid=true, Min=(X=1955.000 Y=1492.500 Z=-22.500), Max=(X=2005.000 Y=2567.500 Z=402.500) RuntimeGrid:None EditorOnly:false RuntimeOnly:false HLODRelevant:true ListedInSceneOutliner:true IsMainWorldOnly:false
 |   |   |- [+] [ 27]
 |   |   |   |- Guid:F7391D264A058489D87B83827FEAF3C1 NativeClass:/Script/Engine.StaticMeshActor Name:StaticMeshActor_UAID_004E01BD6F582FA602_1748501066 Label:Cube4 SpatiallyLoaded:true EditorBounds:IsValid=true, Min=(X=1705.000 Y=385.000 Z=-22.500), Max=(X=1755.000 Y=1035.000 Z=402.500) RuntimeBounds:IsValid=true, Min=(X=1705.000 Y=385.000 Z=-22.500), Max=(X=1755.000 Y=1035.000 Z=402.500) RuntimeGrid:None EditorOnly:false RuntimeOnly:false HLODRelevant:true ListedInSceneOutliner:true IsMainWorldOnly:false
 |   |   |- [+] [ 28]
 |   |   |   |- Guid:F80621C9446867154938FE81375207DA NativeClass:/Script/Engine.DirectionalLight Name:DirectionalLight_1 Label:DirectionalLight SpatiallyLoaded:false EditorBounds:IsValid=true, Min=(X=-1048576.000 Y=-1048576.000 Z=-1048576.000), Max=(X=1048576.000 Y=1048576.000 Z=1048576.000) RuntimeBounds:IsValid=true, Min=(X=-1048576.000 Y=-1048576.000 Z=-1048576.000), Max=(X=1048576.000 Y=1048576.000 Z=1048576.000) RuntimeGrid:None EditorOnly:false RuntimeOnly:false HLODRelevant:false ListedInSceneOutliner:true IsMainWorldOnly:false FolderPath:Lighting FolderGuid:0BA5F0A04EADB18E70D5B180D08FA34B
 |   |   |- [+] [ 29]
 |   |   |   |- Guid:FDB4580F41144124C7889E9BA529A551 NativeClass:/Script/Engine.StaticMeshActor Name:StaticMeshActor_UAID_004E01BD6F5830A602_1242082250 Label:Cube12 SpatiallyLoaded:true EditorBounds:IsValid=true, Min=(X=2485.000 Y=722.500 Z=-22.500), Max=(X=2535.000 Y=1797.500 Z=402.500) RuntimeBounds:IsValid=true, Min=(X=2485.000 Y=722.500 Z=-22.500), Max=(X=2535.000 Y=1797.500 Z=402.500) RuntimeGrid:None EditorOnly:false RuntimeOnly:false HLODRelevant:true ListedInSceneOutliner:true IsMainWorldOnly:false
 |- ContainerInstances:
 |- [+] MainContainer:
 |   |-        ID: 00000000000000000000000000000000
 |   |-  ParentID: 00000000000000000000000000000000
 |   |-    Bounds: IsValid=false, Min=(X=0.000 Y=0.000 Z=0.000), Max=(X=0.000 Y=0.000 Z=0.000)
 |   |- Transform: 0.000000,0.000000,0.000000|0.000000,0.000000,-0.000000|1.000000,1.000000,1.000000
 |   |- Container: /Game/FirstPerson/Maps/FirstPersonMap
----------------------------------------------------------------------------------------------------------------
FirstPersonMap - Persistent Level
----------------------------------------------------------------------------------------------------------------
[+] Content of FirstPersonMap Persistent Level
 |- Always loaded Actor Count: 30 
 |- Actor Path: /Game/FirstPerson/Maps/FirstPersonMap.FirstPersonMap:PersistentLevel.BP_Rifle_C_1
 |- Actor Package: /Game/__ExternalActors__/FirstPerson/Maps/FirstPersonMap/5/8C/EAHCBN229IT8APJO305AH5
 |- Actor Path: /Game/FirstPerson/Maps/FirstPersonMap.FirstPersonMap:PersistentLevel.DirectionalLight_1
 |- Actor Package: /Game/__ExternalActors__/FirstPerson/Maps/FirstPersonMap/0/WB/V4ALNTJYOVWM8BU452CKV5
 |- Actor Path: /Game/FirstPerson/Maps/FirstPersonMap.FirstPersonMap:PersistentLevel.ExponentialHeightFog_0
 |- Actor Package: /Game/__ExternalActors__/FirstPerson/Maps/FirstPersonMap/0/CL/381LM03PFI8AF9NED1SEV2
 |- Actor Path: /Game/FirstPerson/Maps/FirstPersonMap.FirstPersonMap:PersistentLevel.PlayerStart_0
 |- Actor Package: /Game/__ExternalActors__/FirstPerson/Maps/FirstPersonMap/8/Z7/W1SXRCM1KAKBJOIZDLHZ47
 |- Actor Path: /Game/FirstPerson/Maps/FirstPersonMap.FirstPersonMap:PersistentLevel.PointLight_UAID_004E01BD6F5830A602_2069990253
 |- Actor Package: /Game/__ExternalActors__/FirstPerson/Maps/FirstPersonMap/B/23/PDJFY24652U9TI3YY5IUGL
 |- Actor Path: /Game/FirstPerson/Maps/FirstPersonMap.FirstPersonMap:PersistentLevel.PostProcessVolume_0
 |- Actor Package: /Game/__ExternalActors__/FirstPerson/Maps/FirstPersonMap/E/MX/R1GV431P5FDO08OFULRA01
 |- Actor Path: /Game/FirstPerson/Maps/FirstPersonMap.FirstPersonMap:PersistentLevel.SkyAtmosphere_0
 |- Actor Package: /Game/__ExternalActors__/FirstPerson/Maps/FirstPersonMap/C/VO/VMN4G7K3NKKV6F8HTPHHDB
 |- Actor Path: /Game/FirstPerson/Maps/FirstPersonMap.FirstPersonMap:PersistentLevel.SkyLight_0
 |- Actor Package: /Game/__ExternalActors__/FirstPerson/Maps/FirstPersonMap/6/0Z/5RQIHCZ9W3UXRGL4LTLQAK
 |- Actor Path: /Game/FirstPerson/Maps/FirstPersonMap.FirstPersonMap:PersistentLevel.StaticMeshActor_0
 |- Actor Package: /Game/__ExternalActors__/FirstPerson/Maps/FirstPersonMap/7/L5/1ZJ54FMA0DAL3I2Q8RFAIB
 |- Actor Path: /Game/FirstPerson/Maps/FirstPersonMap.FirstPersonMap:PersistentLevel.StaticMeshActor_10
 |- Actor Package: /Game/__ExternalActors__/FirstPerson/Maps/FirstPersonMap/A/XJ/HL558UUAGCS9HVVOI0S7PX
 |- Actor Path: /Game/FirstPerson/Maps/FirstPersonMap.FirstPersonMap:PersistentLevel.StaticMeshActor_3
 |- Actor Package: /Game/__ExternalActors__/FirstPerson/Maps/FirstPersonMap/3/AI/0XWE3RNM2XQC0ST1KXG02O
 |- Actor Path: /Game/FirstPerson/Maps/FirstPersonMap.FirstPersonMap:PersistentLevel.StaticMeshActor_4
 |- Actor Package: /Game/__ExternalActors__/FirstPerson/Maps/FirstPersonMap/6/AJ/2XZ3RUK0LFB63FVNQE7P5R
 |- Actor Path: /Game/FirstPerson/Maps/FirstPersonMap.FirstPersonMap:PersistentLevel.StaticMeshActor_9
 |- Actor Package: /Game/__ExternalActors__/FirstPerson/Maps/FirstPersonMap/E/UE/YUZ9741T50O1SYRX90OB0S
 |- Actor Path: /Game/FirstPerson/Maps/FirstPersonMap.FirstPersonMap:PersistentLevel.StaticMeshActor_UAID_004E01BD6F582FA602_1341413063
 |- Actor Package: /Game/__ExternalActors__/FirstPerson/Maps/FirstPersonMap/4/WI/VUBJSK9GUQEESCD9XT27A4
 |- Actor Path: /Game/FirstPerson/Maps/FirstPersonMap.FirstPersonMap:PersistentLevel.StaticMeshActor_UAID_004E01BD6F582FA602_1578265064
 |- Actor Package: /Game/__ExternalActors__/FirstPerson/Maps/FirstPersonMap/A/EM/X9L14NOM35IA7EUXQDV1H8
 |- Actor Path: /Game/FirstPerson/Maps/FirstPersonMap.FirstPersonMap:PersistentLevel.StaticMeshActor_UAID_004E01BD6F582FA602_1705398065
 |- Actor Package: /Game/__ExternalActors__/FirstPerson/Maps/FirstPersonMap/E/GT/JML5ULB61HHQBLG14MDI06
 |- Actor Path: /Game/FirstPerson/Maps/FirstPersonMap.FirstPersonMap:PersistentLevel.StaticMeshActor_UAID_004E01BD6F582FA602_1748501066
 |- Actor Package: /Game/__ExternalActors__/FirstPerson/Maps/FirstPersonMap/2/OS/2YCF3H1KDHJQPNNESZLVJN
 |- Actor Path: /Game/FirstPerson/Maps/FirstPersonMap.FirstPersonMap:PersistentLevel.StaticMeshActor_UAID_004E01BD6F582FA602_1781638067
 |- Actor Package: /Game/__ExternalActors__/FirstPerson/Maps/FirstPersonMap/B/Y2/8M9YJF2ZVR3ZRLSGB4PMJC
 |- Actor Path: /Game/FirstPerson/Maps/FirstPersonMap.FirstPersonMap:PersistentLevel.StaticMeshActor_UAID_004E01BD6F582FA602_1864931068
 |- Actor Package: /Game/__ExternalActors__/FirstPerson/Maps/FirstPersonMap/1/CZ/EIXD9UHVRLJSCS7LLWDUI2
 |- Actor Path: /Game/FirstPerson/Maps/FirstPersonMap.FirstPersonMap:PersistentLevel.StaticMeshActor_UAID_004E01BD6F582FA602_1957651069
 |- Actor Package: /Game/__ExternalActors__/FirstPerson/Maps/FirstPersonMap/B/J4/UWF6Q3BQ18WUJKNHVV2M82
 |- Actor Path: /Game/FirstPerson/Maps/FirstPersonMap.FirstPersonMap:PersistentLevel.StaticMeshActor_UAID_004E01BD6F582FA602_1969909070
 |- Actor Package: /Game/__ExternalActors__/FirstPerson/Maps/FirstPersonMap/8/1J/IBOBQJ146H9IJ4JPXVWF1R
 |- Actor Path: /Game/FirstPerson/Maps/FirstPersonMap.FirstPersonMap:PersistentLevel.StaticMeshActor_UAID_004E01BD6F582FA602_1986194071
 |- Actor Package: /Game/__ExternalActors__/FirstPerson/Maps/FirstPersonMap/A/JI/MFCYCSFGXLFDQKV5YY892B
 |- Actor Path: /Game/FirstPerson/Maps/FirstPersonMap.FirstPersonMap:PersistentLevel.StaticMeshActor_UAID_004E01BD6F582FA602_2144804072
 |- Actor Package: /Game/__ExternalActors__/FirstPerson/Maps/FirstPersonMap/2/ND/6NF5HPP8BHSAR1LFH3H0ME
 |- Actor Path: /Game/FirstPerson/Maps/FirstPersonMap.FirstPersonMap:PersistentLevel.StaticMeshActor_UAID_004E01BD6F5830A602_1109138249
 |- Actor Package: /Game/__ExternalActors__/FirstPerson/Maps/FirstPersonMap/4/FT/PCE7QIMNUVA836KBQKT1YV
 |- Actor Path: /Game/FirstPerson/Maps/FirstPersonMap.FirstPersonMap:PersistentLevel.StaticMeshActor_UAID_004E01BD6F5830A602_1242082250
 |- Actor Package: /Game/__ExternalActors__/FirstPerson/Maps/FirstPersonMap/0/A2/BHM1KA3GHVE97W6GD3418X
 |- Actor Path: /Game/FirstPerson/Maps/FirstPersonMap.FirstPersonMap:PersistentLevel.StaticMeshActor_UAID_004E01BD6F5830A602_1263844251
 |- Actor Package: /Game/__ExternalActors__/FirstPerson/Maps/FirstPersonMap/3/JO/LHQZ2HN1S15HTKWH5E378E
 |- Actor Path: /Game/FirstPerson/Maps/FirstPersonMap.FirstPersonMap:PersistentLevel.StaticMeshActor_UAID_004E01BD6F5830A602_1281236252
 |- Actor Package: /Game/__ExternalActors__/FirstPerson/Maps/FirstPersonMap/4/FB/SC4DJVAZ8FZRU0FEPOFC2W
 |- Actor Path: /Game/FirstPerson/Maps/FirstPersonMap.FirstPersonMap:PersistentLevel.TextRenderActor_1
 |- Actor Package: /Game/__ExternalActors__/FirstPerson/Maps/FirstPersonMap/1/RN/55P1SMQLAF7OK6300D5I8N
 |- Actor Path: /Game/FirstPerson/Maps/FirstPersonMap.FirstPersonMap:PersistentLevel.VolumetricCloud_0
 |- Actor Package: /Game/__ExternalActors__/FirstPerson/Maps/FirstPersonMap/0/GO/I8WEFD3RY9V3NVQLSU6QM4
 |- Actor Path: /Game/FirstPerson/Maps/FirstPersonMap.FirstPersonMap:PersistentLevel.WorldDataLayers
 |- Actor Package: /Game/__ExternalActors__/FirstPerson/Maps/FirstPersonMap/D/0W/E1FKEGVKGOLM7HGLQPCIPO

----------------------------------------------------------------------------------------------------------------
FirstPersonMap - Runtime Hash Set
----------------------------------------------------------------------------------------------------------------

